<?xml version="1.0" encoding="UTF-8"?>
<!-- Generated by org.testng.reporters.JUnitReportReporter -->
<testsuite hostname="IVAN-PC" name="com.example.demo.selenium.RegistracijaTest" tests="7" failures="0" timestamp="27 Jan 2019 21:40:22 GMT" time="72.526" errors="0">
  <testcase name="testRegistracijaOK" time="11.611" classname="com.example.demo.selenium.RegistracijaTest"/>
  <testcase name="testRegistracijaClick" time="9.695" classname="com.example.demo.selenium.RegistracijaTest"/>
  <testcase name="testRegistracijaNoMail" time="9.483" classname="com.example.demo.selenium.RegistracijaTest"/>
  <testcase name="testRegistracijaNoName" time="10.252" classname="com.example.demo.selenium.RegistracijaTest"/>
  <testcase name="testRegistracijaNoPassword" time="10.231" classname="com.example.demo.selenium.RegistracijaTest"/>
  <testcase name="testRegistracijaNoPasswordRepeat" time="8.666" classname="com.example.demo.selenium.RegistracijaTest"/>
  <testcase name="testRegistracijaNoPrezime" time="12.588" classname="com.example.demo.selenium.RegistracijaTest"/>
</testsuite> <!-- com.example.demo.selenium.RegistracijaTest -->
