<?xml version="1.0" encoding="UTF-8"?>
<!-- Generated by org.testng.reporters.JUnitReportReporter -->
<testsuite hostname="IVAN-PC" name="com.example.demo.selenium.HomePageTest" tests="5" failures="0" timestamp="27 Jan 2019 21:38:34 GMT" time="51.601" errors="0">
  <testcase name="testClickLoginBadMail" time="9.955" classname="com.example.demo.selenium.HomePageTest"/>
  <testcase name="testClickLoginBadPassWord" time="10.246" classname="com.example.demo.selenium.HomePageTest"/>
  <testcase name="testClickLogin" time="10.294" classname="com.example.demo.selenium.HomePageTest"/>
  <testcase name="testClickLoginNoMail" time="11.180" classname="com.example.demo.selenium.HomePageTest"/>
  <testcase name="testClickLoginBadMailFormat" time="9.926" classname="com.example.demo.selenium.HomePageTest"/>
</testsuite> <!-- com.example.demo.selenium.HomePageTest -->
