<?xml version="1.0" encoding="UTF-8"?>
<!-- Generated by org.testng.reporters.JUnitReportReporter -->
<testsuite hostname="GIGABYTE" name="com.example.demo.selenium.HomePageTest" tests="5" failures="0" timestamp="27 Jan 2019 20:49:02 GMT" time="46.315" errors="0">
  <testcase name="testClickLogin" time="9.206" classname="com.example.demo.selenium.HomePageTest"/>
  <testcase name="testClickLoginBadMail" time="9.184" classname="com.example.demo.selenium.HomePageTest"/>
  <testcase name="testClickLoginNoMail" time="8.965" classname="com.example.demo.selenium.HomePageTest"/>
  <testcase name="testClickLoginBadMailFormat" time="9.430" classname="com.example.demo.selenium.HomePageTest"/>
  <testcase name="testClickLoginBadPassWord" time="9.530" classname="com.example.demo.selenium.HomePageTest"/>
</testsuite> <!-- com.example.demo.selenium.HomePageTest -->
