<?xml version="1.0" encoding="UTF-8"?>
<!-- Generated by org.testng.reporters.JUnitReportReporter -->
<testsuite hostname="DESKTOP-8U6AT07" name="com.example.demo.selenium.RegistracijaTest" tests="7" failures="0" timestamp="27 Jan 2019 22:01:19 GMT" time="80.333" errors="0">
  <testcase name="testRegistracijaNoName" time="10.037" classname="com.example.demo.selenium.RegistracijaTest"/>
  <testcase name="testRegistracijaNoPasswordRepeat" time="8.176" classname="com.example.demo.selenium.RegistracijaTest"/>
  <testcase name="testRegistracijaNoPassword" time="9.397" classname="com.example.demo.selenium.RegistracijaTest"/>
  <testcase name="testRegistracijaOK" time="25.827" classname="com.example.demo.selenium.RegistracijaTest"/>
  <testcase name="testRegistracijaClick" time="9.102" classname="com.example.demo.selenium.RegistracijaTest"/>
  <testcase name="testRegistracijaNoPrezime" time="9.164" classname="com.example.demo.selenium.RegistracijaTest"/>
  <testcase name="testRegistracijaNoMail" time="8.630" classname="com.example.demo.selenium.RegistracijaTest"/>
</testsuite> <!-- com.example.demo.selenium.RegistracijaTest -->
