<?xml version="1.0" encoding="UTF-8"?>
<!-- Generated by org.testng.reporters.JUnitReportReporter -->
<testsuite hostname="DESKTOP-8U6AT07" name="com.example.demo.selenium.HomePageTest" tests="1" failures="0" timestamp="27 Jan 2019 17:01:47 GMT" time="5.534" errors="0">
  <testcase name="testAddStudent" time="5.534" classname="com.example.demo.selenium.HomePageTest"/>
</testsuite> <!-- com.example.demo.selenium.HomePageTest -->
