<?xml version="1.0" encoding="UTF-8"?>
<!-- Generated by org.testng.reporters.JUnitReportReporter -->
<testsuite hostname="DESKTOP-8U6AT07" name="com.example.demo.selenium.RegistracijaTest" tests="7" failures="0" timestamp="27 Jan 2019 21:09:38 GMT" time="64.954" errors="0">
  <testcase name="testRegistracijaNoName" time="10.205" classname="com.example.demo.selenium.RegistracijaTest"/>
  <testcase name="testRegistracijaNoPasswordRepeat" time="7.957" classname="com.example.demo.selenium.RegistracijaTest"/>
  <testcase name="testRegistracijaNoPassword" time="9.312" classname="com.example.demo.selenium.RegistracijaTest"/>
  <testcase name="testRegistracijaOK" time="10.513" classname="com.example.demo.selenium.RegistracijaTest"/>
  <testcase name="testRegistracijaClick" time="9.265" classname="com.example.demo.selenium.RegistracijaTest"/>
  <testcase name="testRegistracijaNoPrezime" time="9.496" classname="com.example.demo.selenium.RegistracijaTest"/>
  <testcase name="testRegistracijaNoMail" time="8.206" classname="com.example.demo.selenium.RegistracijaTest"/>
</testsuite> <!-- com.example.demo.selenium.RegistracijaTest -->
