<?xml version="1.0" encoding="UTF-8"?>
<!-- Generated by org.testng.reporters.JUnitReportReporter -->
<testsuite hostname="DESKTOP-8U6AT07" name="com.example.demo.selenium.LoginZaposleniTest" tests="2" failures="0" timestamp="28 Jan 2019 01:25:34 GMT" time="19.268" errors="0">
  <testcase name="testClickLoginZaposleni" time="9.018" classname="com.example.demo.selenium.LoginZaposleniTest"/>
  <testcase name="testClickOdjavaZaposleni" time="10.250" classname="com.example.demo.selenium.LoginZaposleniTest"/>
</testsuite> <!-- com.example.demo.selenium.LoginZaposleniTest -->
